<?xml version="1.0" encoding="UTF-8"?>
<!-- Generated by org.testng.reporters.JUnitReportReporter -->
<testsuite hostname="LAPTOP-I7J4S3QJ" failures="0" tests="1" name="testPackage1.Test1" time="0.008" errors="0" timestamp="2022-02-01T13:00:00 IST" skipped="0">
  <testcase classname="testPackage1.Test1" name="testMethod1" time="0.008"/>
  <system-out/>
</testsuite> <!-- testPackage1.Test1 -->
